<?xml version="1.0" encoding="UTF-8"?>
<testng-results ignored="0" total="1" passed="1" failed="0" skipped="0">
  <reporter-output>
    <line>
      <![CDATA[Application opened]]>
    </line>
  </reporter-output>
  <suite started-at="2021-08-07T08:40:50 IST" name="Default suite" finished-at="2021-08-07T08:41:19 IST" duration-ms="28985">
    <groups>
    </groups>
    <test started-at="2021-08-07T08:40:50 IST" name="Default test" finished-at="2021-08-07T08:41:19 IST" duration-ms="28985">
      <class name="com.hrms.TestScripts.TestCase101">
        <test-method signature="tc001()[pri:0, instance:com.hrms.TestScripts.TestCase101@5552768b]" started-at="2021-08-07T08:40:50 IST" name="tc001" finished-at="2021-08-07T08:41:19 IST" duration-ms="28904" status="PASS">
          <reporter-output>
            <line>
              <![CDATA[Application opened]]>
            </line>
          </reporter-output>
        </test-method> <!-- tc001 -->
      </class> <!-- com.hrms.TestScripts.TestCase101 -->
    </test> <!-- Default test -->
  </suite> <!-- Default suite -->
</testng-results>
